<?xml version="1.0" encoding="UTF-8"?>
<!-- Generated by org.testng.reporters.JUnitReportReporter -->
<testsuite skipped="0" hostname="acer-PC" name="com.api.testcases.tc4_delete" tests="1" failures="0" timestamp="2020-07-07T21:27:41 IST" time="0.000" errors="0">
  <testcase name="f" time="0.000" classname="com.api.testcases.tc4_delete"/>
  <system-out/>
</testsuite> <!-- com.api.testcases.tc4_delete -->
