<?xml version="1.0" encoding="UTF-8"?>
<!-- Generated by org.testng.reporters.JUnitReportReporter -->
<testsuite skipped="0" hostname="acer-PC" name="com.api.bdd.bdd_POST" tests="4" failures="0" timestamp="2020-07-09T16:03:34 IST" time="7.843" errors="0">
  <testcase name="b" time="4.748" classname="com.api.bdd.bdd_POST"/>
  <system-out/>
  <testcase name="b" time="0.926" classname="com.api.bdd.bdd_POST"/>
  <system-out/>
  <testcase name="b" time="0.951" classname="com.api.bdd.bdd_POST"/>
  <system-out/>
  <testcase name="b" time="1.218" classname="com.api.bdd.bdd_POST"/>
  <system-out/>
</testsuite> <!-- com.api.bdd.bdd_POST -->
