<?xml version="1.0" encoding="UTF-8"?>
<!-- Generated by org.testng.reporters.JUnitReportReporter -->
<testsuite skipped="0" hostname="acer-PC" name="com.api.testcases.tc3_put" tests="5" failures="0" timestamp="2020-07-07T21:27:41 IST" time="10.016" errors="0">
  <testcase name="g" time="0.000" classname="com.api.testcases.tc3_put"/>
  <system-out/>
  <testcase name="b" time="2.200" classname="com.api.testcases.tc3_put"/>
  <system-out/>
  <testcase name="b" time="2.309" classname="com.api.testcases.tc3_put"/>
  <system-out/>
  <testcase name="b" time="2.231" classname="com.api.testcases.tc3_put"/>
  <system-out/>
  <testcase name="b" time="3.276" classname="com.api.testcases.tc3_put"/>
  <system-out/>
</testsuite> <!-- com.api.testcases.tc3_put -->
