<?xml version="1.0" encoding="UTF-8"?>
<!-- Generated by org.testng.reporters.JUnitReportReporter -->
<testsuite skipped="0" hostname="acer-PC" name="com.api.testcases.tc2_post" tests="5" failures="0" timestamp="2020-07-07T21:27:41 IST" time="13.213" errors="0">
  <testcase name="b" time="5.523" classname="com.api.testcases.tc2_post"/>
  <system-out/>
  <testcase name="g" time="0.000" classname="com.api.testcases.tc2_post"/>
  <system-out/>
  <testcase name="b" time="1.669" classname="com.api.testcases.tc2_post"/>
  <system-out/>
  <testcase name="b" time="3.962" classname="com.api.testcases.tc2_post"/>
  <system-out/>
  <testcase name="b" time="2.059" classname="com.api.testcases.tc2_post"/>
  <system-out/>
</testsuite> <!-- com.api.testcases.tc2_post -->
